Determining if the function getexecname exists failed with the following output:
Change Dir: /home/yuan/Benchmarks/whisper/mnemosyne-gcc/usermode/library/pmalloc/include/alps/build/CMakeFiles/CMakeTmp

Run Build Command(s):/usr/bin/gmake -f Makefile cmTC_b45c3/fast && /usr/bin/gmake  -f CMakeFiles/cmTC_b45c3.dir/build.make CMakeFiles/cmTC_b45c3.dir/build
gmake[1]: Entering directory '/home/yuan/Benchmarks/whisper/mnemosyne-gcc/usermode/library/pmalloc/include/alps/build/CMakeFiles/CMakeTmp'
Building C object CMakeFiles/cmTC_b45c3.dir/CheckFunctionExists.c.o
/usr/bin/cc -D_GNU_SOURCE  -DCHECK_FUNCTION_EXISTS=getexecname -fPIE -o CMakeFiles/cmTC_b45c3.dir/CheckFunctionExists.c.o -c /usr/share/cmake-3.22/Modules/CheckFunctionExists.c
Linking C executable cmTC_b45c3
/usr/bin/cmake -E cmake_link_script CMakeFiles/cmTC_b45c3.dir/link.txt --verbose=1
/usr/bin/cc  -DCHECK_FUNCTION_EXISTS=getexecname -rdynamic CMakeFiles/cmTC_b45c3.dir/CheckFunctionExists.c.o -o cmTC_b45c3 
/usr/bin/ld: CMakeFiles/cmTC_b45c3.dir/CheckFunctionExists.c.o: in function `main':
CheckFunctionExists.c:(.text+0x14): undefined reference to `getexecname'
collect2: error: ld returned 1 exit status
gmake[1]: *** [CMakeFiles/cmTC_b45c3.dir/build.make:99: cmTC_b45c3] Error 1
gmake[1]: Leaving directory '/home/yuan/Benchmarks/whisper/mnemosyne-gcc/usermode/library/pmalloc/include/alps/build/CMakeFiles/CMakeTmp'
gmake: *** [Makefile:127: cmTC_b45c3/fast] Error 2



Determining if the include file dwarf.h exists failed with the following output:
Change Dir: /home/yuan/Benchmarks/whisper/mnemosyne-gcc/usermode/library/pmalloc/include/alps/build/CMakeFiles/CMakeTmp

Run Build Command(s):/usr/bin/gmake -f Makefile cmTC_4381e/fast && /usr/bin/gmake  -f CMakeFiles/cmTC_4381e.dir/build.make CMakeFiles/cmTC_4381e.dir/build
gmake[1]: Entering directory '/home/yuan/Benchmarks/whisper/mnemosyne-gcc/usermode/library/pmalloc/include/alps/build/CMakeFiles/CMakeTmp'
Building C object CMakeFiles/cmTC_4381e.dir/CheckIncludeFile.c.o
/usr/bin/cc -D_GNU_SOURCE  -fPIE -o CMakeFiles/cmTC_4381e.dir/CheckIncludeFile.c.o -c /home/yuan/Benchmarks/whisper/mnemosyne-gcc/usermode/library/pmalloc/include/alps/build/CMakeFiles/CMakeTmp/CheckIncludeFile.c
/home/yuan/Benchmarks/whisper/mnemosyne-gcc/usermode/library/pmalloc/include/alps/build/CMakeFiles/CMakeTmp/CheckIncludeFile.c:1:10: fatal error: dwarf.h: No such file or directory
    1 | #include <dwarf.h>
      |          ^~~~~~~~~
compilation terminated.
gmake[1]: *** [CMakeFiles/cmTC_4381e.dir/build.make:78: CMakeFiles/cmTC_4381e.dir/CheckIncludeFile.c.o] Error 1
gmake[1]: Leaving directory '/home/yuan/Benchmarks/whisper/mnemosyne-gcc/usermode/library/pmalloc/include/alps/build/CMakeFiles/CMakeTmp'
gmake: *** [Makefile:127: cmTC_4381e/fast] Error 2



Determining if the include file libdwarf/dwarf.h exists failed with the following output:
Change Dir: /home/yuan/Benchmarks/whisper/mnemosyne-gcc/usermode/library/pmalloc/include/alps/build/CMakeFiles/CMakeTmp

Run Build Command(s):/usr/bin/gmake -f Makefile cmTC_ca04c/fast && /usr/bin/gmake  -f CMakeFiles/cmTC_ca04c.dir/build.make CMakeFiles/cmTC_ca04c.dir/build
gmake[1]: Entering directory '/home/yuan/Benchmarks/whisper/mnemosyne-gcc/usermode/library/pmalloc/include/alps/build/CMakeFiles/CMakeTmp'
Building C object CMakeFiles/cmTC_ca04c.dir/CheckIncludeFile.c.o
/usr/bin/cc -D_GNU_SOURCE  -fPIE -o CMakeFiles/cmTC_ca04c.dir/CheckIncludeFile.c.o -c /home/yuan/Benchmarks/whisper/mnemosyne-gcc/usermode/library/pmalloc/include/alps/build/CMakeFiles/CMakeTmp/CheckIncludeFile.c
/home/yuan/Benchmarks/whisper/mnemosyne-gcc/usermode/library/pmalloc/include/alps/build/CMakeFiles/CMakeTmp/CheckIncludeFile.c:1:10: fatal error: libdwarf/dwarf.h: No such file or directory
    1 | #include <libdwarf/dwarf.h>
      |          ^~~~~~~~~~~~~~~~~~
compilation terminated.
gmake[1]: *** [CMakeFiles/cmTC_ca04c.dir/build.make:78: CMakeFiles/cmTC_ca04c.dir/CheckIncludeFile.c.o] Error 1
gmake[1]: Leaving directory '/home/yuan/Benchmarks/whisper/mnemosyne-gcc/usermode/library/pmalloc/include/alps/build/CMakeFiles/CMakeTmp'
gmake: *** [Makefile:127: cmTC_ca04c/fast] Error 2



